<?xml version="1.0" encoding="UTF-8"?>
<!-- Generated by org.testng.reporters.JUnitReportReporter -->
<testsuite hostname="LAPTOP-UR9ODA07" name="tests.GoogleTest" tests="2" failures="0" timestamp="5 May 2018 14:10:47 GMT" time="13.498" errors="0">
  <testcase name="f" time="8.477" classname="tests.GoogleTest"/>
  <testcase name="f" time="5.021" classname="tests.GoogleTest"/>
</testsuite> <!-- tests.GoogleTest -->
