<?xml version="1.0" encoding="UTF-8"?>
<!-- Generated by org.testng.reporters.JUnitReportReporter -->
<testsuite hostname="LAPTOP-UR9ODA07" name="tests.GoogleTest" tests="1" failures="0" timestamp="6 May 2018 05:47:33 GMT" time="3.093" errors="0">
  <testcase name="f" time="3.093" classname="tests.GoogleTest"/>
</testsuite> <!-- tests.GoogleTest -->
